<?xml version="1.0" encoding="UTF-8"?>
<!-- Generated by org.testng.reporters.JUnitReportReporter -->
<testsuite hostname="DESKTOP-FVL7V1F" failures="0" tests="1" name="OrangeHRM_TestCase.InvalidTest" time="6.569" errors="0" timestamp="2023-07-10T21:24:36 IST" skipped="0">
  <testcase classname="OrangeHRM_TestCase.InvalidTest" name="CheckAdminLogin" time="6.569"/>
</testsuite> <!-- OrangeHRM_TestCase.InvalidTest -->
