<?xml version="1.0" encoding="UTF-8"?>
<!-- Generated by org.testng.reporters.JUnitReportReporter -->
<testsuite hostname="DESKTOP-FVL7V1F" failures="0" tests="1" name="OrangeHRM_TestCase.validtest" time="7.962" errors="0" timestamp="2023-07-10T15:55:22 IST" skipped="0">
  <testcase classname="OrangeHRM_TestCase.validtest" name="CheckadminLogin" time="7.962"/>
</testsuite> <!-- OrangeHRM_TestCase.validtest -->
